OK en_A
OK en_B
OK en_C
OK en_D
OK en_E
OK en_F
OK en_G
OK en_H
OK en_I
OK en_J
OK en_K
OK en_L
OK en_M
OK en_N
OK en_O
OK en_P
OK en_Q
OK en_R
OK en_S
OK en_T
OK en_U
OK en_V
OK en_W
OK en_X
OK en_Y
OK en_Z
OK board_intro
OK wannan
OK sake
OK next
OK kudos
OK retry
OK scatter_intro
OK seq_prompt
OK prompt
OK remind
OK recite_intro
OK test_order
OK seq_intro
OK stage_done
OK all_done
OK your_turn
OK prompt_f
OK remind_f
OK recite_intro_f
OK test_order_f
OK seq_intro_f
OK stage_done_f
OK all_done_f
OK your_turn_f
clips: 50 KB: 959
